creating language.asm
> create floppy image
mkfs.fat 4.1 (2017-01-24)
> building bootloader
> building programms
.........viewer.asm:21: warning: ignoring unknown section attribute: "dw" [-w+other]
viewer.asm:21: warning: ignoring unknown section attribute: "0x0000" [-w+other]
viewer.asm:21: warning: ignoring unknown section attribute: "dw" [-w+other]
viewer.asm:21: warning: ignoring unknown section attribute: "0x0000" [-w+other]
viewer.asm:21: warning: ignoring unknown section attribute: "dw" [-w+other]
viewer.asm:21: warning: ignoring unknown section attribute: "0x0000" [-w+other]
viewer.asm:21: warning: ignoring unknown section attribute: "dw" [-w+other]
viewer.asm:21: warning: ignoring unknown section attribute: "0x0000" [-w+other]
viewer.asm:26: error: symbol `segment' undefined
viewer.asm:40: error: symbol `segment' undefined
/home/levin/PotatOS/include/functions.asm:49: ... from macro `LOADFILE' defined here
viewer.asm:49: error: label `start.noArgument' changed during code generation [-w+error=label-redef-late]
viewer.asm:62: error: symbol `segment' undefined
/home/levin/PotatOS/include/functions.asm:49: ... from macro `LOADFILE' defined here
viewer.asm:67: error: label `start.error' changed during code generation [-w+error=label-redef-late]
viewer.asm:75: error: label `exitV' changed during code generation [-w+error=label-redef-late]
viewer.asm:82: error: label `exitV.clear_screen' changed during code generation [-w+error=label-redef-late]
viewer.asm:88: error: symbol `CHAR_SPACE' undefined
viewer.asm:96: error: label `exitInvalid' changed during code generation [-w+error=label-redef-late]
viewer.asm:104: error: label `init' changed during code generation [-w+error=label-redef-late]
viewer.asm:105: error: symbol `segment' undefined
viewer.asm:123: error: label `init.setup' changed during code generation [-w+error=label-redef-late]
viewer.asm:131: error: label `printImage' changed during code generation [-w+error=label-redef-late]
viewer.asm:139: error: label `printImage.pixelLoop' changed during code generation [-w+error=label-redef-late]
viewer.asm:143: error: label `printImage.compressLoop' changed during code generation [-w+error=label-redef-late]
viewer.asm:154: error: label `imageData' changed during code generation [-w+error=label-redef-late]
